<?xml version="1.0" encoding="UTF-8"?>
<testng-results ignored="0" total="1" passed="1" failed="0" skipped="0">
  <reporter-output>
  </reporter-output>
  <suite started-at="2023-10-01T17:59:14 IST" name="Default suite" finished-at="2023-10-01T17:59:33 IST" duration-ms="18382">
    <groups>
    </groups>
    <test started-at="2023-10-01T17:59:14 IST" name="Default test" finished-at="2023-10-01T17:59:33 IST" duration-ms="18382">
      <class name="com.skillrary.testscripts.Tc2">
        <test-method is-config="true" signature="openApp()[pri:0, instance:com.skillrary.testscripts.Tc2@6e0f5f7f]" started-at="2023-10-01T17:59:14 IST" name="openApp" finished-at="2023-10-01T17:59:19 IST" duration-ms="4329" status="PASS">
          <reporter-output>
          </reporter-output>
        </test-method> <!-- openApp -->
        <test-method signature="tc2()[pri:0, instance:com.skillrary.testscripts.Tc2@6e0f5f7f]" started-at="2023-10-01T17:59:19 IST" name="tc2" finished-at="2023-10-01T17:59:32 IST" duration-ms="13621" status="PASS">
          <reporter-output>
          </reporter-output>
        </test-method> <!-- tc2 -->
        <test-method is-config="true" signature="closeApp(org.testng.ITestResult)[pri:0, instance:com.skillrary.testscripts.Tc2@6e0f5f7f]" started-at="2023-10-01T17:59:32 IST" name="closeApp" finished-at="2023-10-01T17:59:33 IST" duration-ms="371" status="PASS">
          <params>
            <param index="0">
              <value>
                <![CDATA[[TestResult name=tc2 status=SUCCESS method=Tc2.tc2()[pri:0, instance:com.skillrary.testscripts.Tc2@6e0f5f7f] output={null}]]]>
              </value>
            </param>
          </params>
          <reporter-output>
          </reporter-output>
        </test-method> <!-- closeApp -->
      </class> <!-- com.skillrary.testscripts.Tc2 -->
    </test> <!-- Default test -->
  </suite> <!-- Default suite -->
</testng-results>
