<?xml version="1.0" encoding="UTF-8"?>
<testng-results ignored="0" total="1" passed="1" failed="0" skipped="0">
  <reporter-output>
  </reporter-output>
  <suite started-at="2023-09-29T18:28:34 IST" name="Default suite" finished-at="2023-09-29T18:29:17 IST" duration-ms="43681">
    <groups>
    </groups>
    <test started-at="2023-09-29T18:28:34 IST" name="Default test" finished-at="2023-09-29T18:29:17 IST" duration-ms="43681">
      <class name="com.skillrary.testscripts.Tc2">
        <test-method is-config="true" signature="openApp()[pri:0, instance:com.skillrary.testscripts.Tc2@63376bed]" started-at="2023-09-29T18:28:34 IST" name="openApp" finished-at="2023-09-29T18:28:43 IST" duration-ms="9744" status="PASS">
          <reporter-output>
          </reporter-output>
        </test-method> <!-- openApp -->
        <test-method signature="tc2()[pri:0, instance:com.skillrary.testscripts.Tc2@63376bed]" started-at="2023-09-29T18:28:43 IST" name="tc2" finished-at="2023-09-29T18:29:17 IST" duration-ms="33389" status="PASS">
          <reporter-output>
          </reporter-output>
        </test-method> <!-- tc2 -->
        <test-method is-config="true" signature="closeApp(org.testng.ITestResult)[pri:0, instance:com.skillrary.testscripts.Tc2@63376bed]" started-at="2023-09-29T18:29:17 IST" name="closeApp" finished-at="2023-09-29T18:29:17 IST" duration-ms="467" status="PASS">
          <params>
            <param index="0">
              <value>
                <![CDATA[[TestResult name=tc2 status=SUCCESS method=Tc2.tc2()[pri:0, instance:com.skillrary.testscripts.Tc2@63376bed] output={null}]]]>
              </value>
            </param>
          </params>
          <reporter-output>
          </reporter-output>
        </test-method> <!-- closeApp -->
      </class> <!-- com.skillrary.testscripts.Tc2 -->
    </test> <!-- Default test -->
  </suite> <!-- Default suite -->
</testng-results>
